<?xml version="1.0" encoding="UTF-8"?>
<!-- Generated by org.testng.reporters.JUnitReportReporter -->
<testsuite hostname="DESKTOP-KE5AITE" failures="0" tests="1" name="com.learnautomation.testcases.LoginTestCRM" time="3.891" errors="0" timestamp="2022-06-21T02:25:47 IST" skipped="0">
  <testcase classname="com.learnautomation.testcases.LoginTestCRM" name="loginToApp" time="3.891"/>
  <system-out/>
</testsuite> <!-- com.learnautomation.testcases.LoginTestCRM -->
